[debug] [2025-07-30T16:41:15.801Z] ----------------------------------------------------------------------
[debug] [2025-07-30T16:41:15.815Z] Command:       C:\FIREBA~1\firebase.exe C:\Users\ADMIN\.cache\firebase\tools\lib\node_modules\firebase-tools\lib\bin\firebase init
[debug] [2025-07-30T16:41:15.816Z] CLI Version:   14.7.0
[debug] [2025-07-30T16:41:15.816Z] Platform:      win32
[debug] [2025-07-30T16:41:15.816Z] Node Version:  v20.18.2
[debug] [2025-07-30T16:41:15.817Z] Time:          Wed Jul 30 2025 17:41:15 GMT+0100 (West Africa Standard Time)
[debug] [2025-07-30T16:41:15.817Z] ----------------------------------------------------------------------
[debug] 
[debug] [2025-07-30T16:41:15.823Z] >>> [apiv2][query] GET https://firebase-public.firebaseio.com/cli.json [none]
[debug] [2025-07-30T16:41:15.998Z] > command requires scopes: ["email","openid","https://www.googleapis.com/auth/cloudplatformprojects.readonly","https://www.googleapis.com/auth/firebase","https://www.googleapis.com/auth/cloud-platform"]
[debug] [2025-07-30T16:41:15.999Z] > authorizing via signed-in user (oreoluwadavid08@gmail.com)
[info] 
     ######## #### ########  ######## ########     ###     ######  ########
     ##        ##  ##     ## ##       ##     ##  ##   ##  ##       ##
     ######    ##  ########  ######   ########  #########  ######  ######
     ##        ##  ##    ##  ##       ##     ## ##     ##       ## ##
     ##       #### ##     ## ######## ########  ##     ##  ######  ########

You're about to initialize a Firebase project in this directory:

  C:\Users\ADMIN\Desktop\play_sphere

[debug] [2025-07-30T16:41:16.908Z] <<< [apiv2][status] GET https://firebase-public.firebaseio.com/cli.json 200
[debug] [2025-07-30T16:41:16.909Z] <<< [apiv2][body] GET https://firebase-public.firebaseio.com/cli.json {"cloudBuildErrorAfter":1594252800000,"cloudBuildWarnAfter":1590019200000,"defaultNode10After":1594252800000,"minVersion":"3.0.5","node8DeploysDisabledAfter":1613390400000,"node8RuntimeDisabledAfter":1615809600000,"node8WarnAfter":1600128000000}
[info] 
=== Project Setup
[info] 
[info] First, let's associate this project directory with a Firebase project.
[info] You can create multiple project aliases by running firebase use --add, 
[info] but for now we'll just set up a default project.
[info] 
[debug] [2025-07-30T16:43:22.804Z] Checked if tokens are valid: false, expires at: 1749950359429
[debug] [2025-07-30T16:43:22.805Z] Checked if tokens are valid: false, expires at: 1749950359429
[debug] [2025-07-30T16:43:22.805Z] > refreshing access token with scopes: []
[debug] [2025-07-30T16:43:22.810Z] >>> [apiv2][query] POST https://www.googleapis.com/oauth2/v3/token [none]
[debug] [2025-07-30T16:43:22.811Z] >>> [apiv2][body] POST https://www.googleapis.com/oauth2/v3/token [omitted]
[debug] [2025-07-30T16:43:23.381Z] <<< [apiv2][status] POST https://www.googleapis.com/oauth2/v3/token 200
[debug] [2025-07-30T16:43:23.381Z] <<< [apiv2][body] POST https://www.googleapis.com/oauth2/v3/token [omitted]
[debug] [2025-07-30T16:43:23.513Z] >>> [apiv2][query] GET https://firebase.googleapis.com/v1beta1/projects pageSize=100
[debug] [2025-07-30T16:43:24.338Z] <<< [apiv2][status] GET https://firebase.googleapis.com/v1beta1/projects 200
[debug] [2025-07-30T16:43:24.338Z] <<< [apiv2][body] GET https://firebase.googleapis.com/v1beta1/projects [omitted]
[info] i  Using project playsphere-4618e (playsphere) 
[info] 
=== Firestore Setup
[info] i  firestore: ensuring required API firestore.googleapis.com is enabled... 
[debug] [2025-07-30T16:43:27.636Z] Checked if tokens are valid: true, expires at: 1753897402381
[debug] [2025-07-30T16:43:27.637Z] Checked if tokens are valid: true, expires at: 1753897402381
[debug] [2025-07-30T16:43:27.638Z] >>> [apiv2][query] GET https://serviceusage.googleapis.com/v1/projects/playsphere-4618e/services/firestore.googleapis.com [none]
[debug] [2025-07-30T16:43:27.638Z] >>> [apiv2][(partial)header] GET https://serviceusage.googleapis.com/v1/projects/playsphere-4618e/services/firestore.googleapis.com x-goog-quota-user=projects/playsphere-4618e
[debug] [2025-07-30T16:43:29.219Z] <<< [apiv2][status] GET https://serviceusage.googleapis.com/v1/projects/playsphere-4618e/services/firestore.googleapis.com 200
[debug] [2025-07-30T16:43:29.220Z] <<< [apiv2][body] GET https://serviceusage.googleapis.com/v1/projects/playsphere-4618e/services/firestore.googleapis.com [omitted]
[info] +  firestore: required API firestore.googleapis.com is enabled 
[debug] [2025-07-30T16:43:29.221Z] Checked if tokens are valid: true, expires at: 1753897402381
[debug] [2025-07-30T16:43:29.221Z] Checked if tokens are valid: true, expires at: 1753897402381
[debug] [2025-07-30T16:43:29.221Z] >>> [apiv2][query] GET https://firestore.googleapis.com/v1/projects/playsphere-4618e/databases [none]
[debug] [2025-07-30T16:43:30.917Z] <<< [apiv2][status] GET https://firestore.googleapis.com/v1/projects/playsphere-4618e/databases 200
[debug] [2025-07-30T16:43:30.918Z] <<< [apiv2][body] GET https://firestore.googleapis.com/v1/projects/playsphere-4618e/databases {"databases":[{"name":"projects/playsphere-4618e/databases/(default)","uid":"21e13461-0f4e-410d-bc79-602e93a3d5c6","createTime":"2025-07-27T05:31:51.813114Z","updateTime":"2025-07-27T05:31:51.813114Z","locationId":"nam5","type":"FIRESTORE_NATIVE","concurrencyMode":"PESSIMISTIC","versionRetentionPeriod":"3600s","earliestVersionTime":"2025-07-30T15:43:32.233615Z","appEngineIntegrationMode":"DISABLED","keyPrefix":"s","pointInTimeRecoveryEnablement":"POINT_IN_TIME_RECOVERY_DISABLED","deleteProtectionState":"DELETE_PROTECTION_DISABLED","databaseEdition":"STANDARD","freeTier":true,"etag":"IJqPjM2D5Y4DMLCPy+6o3I4D"}]}
[info] 
[info] Firestore Security Rules allow you to define how and when to allow
[info] requests. You can keep these rules in your project directory
[info] and publish them with firebase deploy.
[info] 
[debug] [2025-07-30T16:44:02.360Z] Checked if tokens are valid: true, expires at: 1753897402381
[debug] [2025-07-30T16:44:02.361Z] Checked if tokens are valid: true, expires at: 1753897402381
[debug] [2025-07-30T16:44:02.361Z] >>> [apiv2][query] GET https://firebaserules.googleapis.com/v1/projects/playsphere-4618e/releases pageSize=10&pageToken=
[debug] [2025-07-30T16:44:03.731Z] <<< [apiv2][status] GET https://firebaserules.googleapis.com/v1/projects/playsphere-4618e/releases 200
[debug] [2025-07-30T16:44:03.731Z] <<< [apiv2][body] GET https://firebaserules.googleapis.com/v1/projects/playsphere-4618e/releases {"releases":[{"name":"projects/playsphere-4618e/releases/cloud.firestore","rulesetName":"projects/playsphere-4618e/rulesets/7d5f6df1-2b90-4b17-a7b1-b097211ddc4c","createTime":"2025-07-27T05:31:59.512547Z","updateTime":"2025-07-27T09:58:27.770098Z"},{"name":"projects/playsphere-4618e/releases/firebase.storage/playsphere-4618e.firebasestorage.app","rulesetName":"projects/playsphere-4618e/rulesets/0596225b-9cbc-48c5-92c5-b49606c2fc43","createTime":"2025-07-28T20:27:20.725192Z","updateTime":"2025-07-28T20:27:20.725192Z"}]}
[debug] [2025-07-30T16:44:03.732Z] Checked if tokens are valid: true, expires at: 1753897402381
[debug] [2025-07-30T16:44:03.732Z] Checked if tokens are valid: true, expires at: 1753897402381
[debug] [2025-07-30T16:44:03.732Z] >>> [apiv2][query] GET https://firebaserules.googleapis.com/v1/projects/playsphere-4618e/rulesets/7d5f6df1-2b90-4b17-a7b1-b097211ddc4c [none]
[debug] [2025-07-30T16:44:04.706Z] <<< [apiv2][status] GET https://firebaserules.googleapis.com/v1/projects/playsphere-4618e/rulesets/7d5f6df1-2b90-4b17-a7b1-b097211ddc4c 200
[debug] [2025-07-30T16:44:04.707Z] <<< [apiv2][body] GET https://firebaserules.googleapis.com/v1/projects/playsphere-4618e/rulesets/7d5f6df1-2b90-4b17-a7b1-b097211ddc4c [omitted]
[info] i  Downloaded the existing Firestore Security Rules from the Firebase console 
[info] 
[info] Firestore indexes allow you to perform complex queries while
[info] maintaining performance that scales with the size of the result
[info] set. You can keep index definitions in your project directory
[info] and publish them with firebase deploy.
[info] 
[debug] [2025-07-30T16:44:08.163Z] Checked if tokens are valid: true, expires at: 1753897402381
[debug] [2025-07-30T16:44:08.163Z] Checked if tokens are valid: true, expires at: 1753897402381
[debug] [2025-07-30T16:44:08.163Z] Checked if tokens are valid: true, expires at: 1753897402381
[debug] [2025-07-30T16:44:08.163Z] Checked if tokens are valid: true, expires at: 1753897402381
[debug] [2025-07-30T16:44:08.164Z] >>> [apiv2][query] GET https://firestore.googleapis.com/v1/projects/playsphere-4618e/databases/(default)/collectionGroups/-/indexes [none]
[debug] [2025-07-30T16:44:08.167Z] >>> [apiv2][query] GET https://firestore.googleapis.com/v1/projects/playsphere-4618e/databases/(default)/collectionGroups/-/fields?filter=indexConfig.usesAncestorConfig=false OR ttlConfig:* [none]
[debug] [2025-07-30T16:44:09.395Z] <<< [apiv2][status] GET https://firestore.googleapis.com/v1/projects/playsphere-4618e/databases/(default)/collectionGroups/-/indexes 200
[debug] [2025-07-30T16:44:09.395Z] <<< [apiv2][body] GET https://firestore.googleapis.com/v1/projects/playsphere-4618e/databases/(default)/collectionGroups/-/indexes {}
[debug] [2025-07-30T16:44:09.604Z] <<< [apiv2][status] GET https://firestore.googleapis.com/v1/projects/playsphere-4618e/databases/(default)/collectionGroups/-/fields?filter=indexConfig.usesAncestorConfig=false OR ttlConfig:* 200
[debug] [2025-07-30T16:44:09.604Z] <<< [apiv2][body] GET https://firestore.googleapis.com/v1/projects/playsphere-4618e/databases/(default)/collectionGroups/-/fields?filter=indexConfig.usesAncestorConfig=false OR ttlConfig:* {"fields":[{"name":"projects/playsphere-4618e/databases/(default)/collectionGroups/__default__/fields/*","indexConfig":{"indexes":[{"queryScope":"COLLECTION","fields":[{"fieldPath":"*","order":"ASCENDING"}],"state":"READY"},{"queryScope":"COLLECTION","fields":[{"fieldPath":"*","order":"DESCENDING"}],"state":"READY"},{"queryScope":"COLLECTION","fields":[{"fieldPath":"*","arrayConfig":"CONTAINS"}],"state":"READY"}]}}]}
[info] i  Downloaded the existing Firestore indexes from the Firebase console 
[info] +  Wrote firestore.rules 
[info] +  Wrote firestore.indexes.json 
[info] 
=== Functions Setup
[debug] [2025-07-30T16:44:09.613Z] > command requires scopes: ["email","openid","https://www.googleapis.com/auth/cloudplatformprojects.readonly","https://www.googleapis.com/auth/firebase","https://www.googleapis.com/auth/cloud-platform"]
[debug] [2025-07-30T16:44:09.613Z] > authorizing via signed-in user (oreoluwadavid08@gmail.com)
[debug] [2025-07-30T16:44:09.614Z] [iam] checking project playsphere-4618e for permissions ["firebase.projects.get"]
[debug] [2025-07-30T16:44:09.615Z] Checked if tokens are valid: true, expires at: 1753897402381
[debug] [2025-07-30T16:44:09.615Z] Checked if tokens are valid: true, expires at: 1753897402381
[debug] [2025-07-30T16:44:09.616Z] >>> [apiv2][query] POST https://cloudresourcemanager.googleapis.com/v1/projects/playsphere-4618e:testIamPermissions [none]
[debug] [2025-07-30T16:44:09.616Z] >>> [apiv2][(partial)header] POST https://cloudresourcemanager.googleapis.com/v1/projects/playsphere-4618e:testIamPermissions x-goog-quota-user=projects/playsphere-4618e
[debug] [2025-07-30T16:44:09.616Z] >>> [apiv2][body] POST https://cloudresourcemanager.googleapis.com/v1/projects/playsphere-4618e:testIamPermissions {"permissions":["firebase.projects.get"]}
[debug] [2025-07-30T16:44:10.797Z] <<< [apiv2][status] POST https://cloudresourcemanager.googleapis.com/v1/projects/playsphere-4618e:testIamPermissions 200
[debug] [2025-07-30T16:44:10.797Z] <<< [apiv2][body] POST https://cloudresourcemanager.googleapis.com/v1/projects/playsphere-4618e:testIamPermissions {"permissions":["firebase.projects.get"]}
[debug] [2025-07-30T16:44:10.797Z] Checked if tokens are valid: true, expires at: 1753897402381
[debug] [2025-07-30T16:44:10.797Z] Checked if tokens are valid: true, expires at: 1753897402381
[debug] [2025-07-30T16:44:10.798Z] Checked if tokens are valid: true, expires at: 1753897402381
[debug] [2025-07-30T16:44:10.798Z] Checked if tokens are valid: true, expires at: 1753897402381
[debug] [2025-07-30T16:44:10.798Z] >>> [apiv2][query] GET https://serviceusage.googleapis.com/v1/projects/playsphere-4618e/services/cloudfunctions.googleapis.com [none]
[debug] [2025-07-30T16:44:10.798Z] >>> [apiv2][(partial)header] GET https://serviceusage.googleapis.com/v1/projects/playsphere-4618e/services/cloudfunctions.googleapis.com x-goog-quota-user=projects/playsphere-4618e
[debug] [2025-07-30T16:44:10.801Z] >>> [apiv2][query] GET https://serviceusage.googleapis.com/v1/projects/playsphere-4618e/services/runtimeconfig.googleapis.com [none]
[debug] [2025-07-30T16:44:10.801Z] >>> [apiv2][(partial)header] GET https://serviceusage.googleapis.com/v1/projects/playsphere-4618e/services/runtimeconfig.googleapis.com x-goog-quota-user=projects/playsphere-4618e
[debug] [2025-07-30T16:44:12.007Z] <<< [apiv2][status] GET https://serviceusage.googleapis.com/v1/projects/playsphere-4618e/services/runtimeconfig.googleapis.com 200
[debug] [2025-07-30T16:44:12.007Z] <<< [apiv2][body] GET https://serviceusage.googleapis.com/v1/projects/playsphere-4618e/services/runtimeconfig.googleapis.com [omitted]
[debug] [2025-07-30T16:44:12.227Z] <<< [apiv2][status] GET https://serviceusage.googleapis.com/v1/projects/playsphere-4618e/services/cloudfunctions.googleapis.com 200
[debug] [2025-07-30T16:44:12.227Z] <<< [apiv2][body] GET https://serviceusage.googleapis.com/v1/projects/playsphere-4618e/services/cloudfunctions.googleapis.com [omitted]
[debug] [2025-07-30T16:44:12.228Z] Checked if tokens are valid: true, expires at: 1753897402381
[debug] [2025-07-30T16:44:12.228Z] Checked if tokens are valid: true, expires at: 1753897402381
[debug] [2025-07-30T16:44:12.228Z] >>> [apiv2][query] POST https://serviceusage.googleapis.com/v1/projects/playsphere-4618e/services/cloudfunctions.googleapis.com:enable [none]
[debug] [2025-07-30T16:44:12.228Z] >>> [apiv2][(partial)header] POST https://serviceusage.googleapis.com/v1/projects/playsphere-4618e/services/cloudfunctions.googleapis.com:enable x-goog-quota-user=projects/playsphere-4618e
[debug] [2025-07-30T16:44:13.445Z] <<< [apiv2][status] POST https://serviceusage.googleapis.com/v1/projects/playsphere-4618e/services/cloudfunctions.googleapis.com:enable 200
[debug] [2025-07-30T16:44:13.446Z] <<< [apiv2][body] POST https://serviceusage.googleapis.com/v1/projects/playsphere-4618e/services/cloudfunctions.googleapis.com:enable [omitted]
[debug] [2025-07-30T16:44:23.450Z] Checked if tokens are valid: true, expires at: 1753897402381
[debug] [2025-07-30T16:44:23.450Z] Checked if tokens are valid: true, expires at: 1753897402381
[debug] [2025-07-30T16:44:23.450Z] >>> [apiv2][query] GET https://serviceusage.googleapis.com/v1/projects/playsphere-4618e/services/cloudfunctions.googleapis.com [none]
[debug] [2025-07-30T16:44:23.451Z] >>> [apiv2][(partial)header] GET https://serviceusage.googleapis.com/v1/projects/playsphere-4618e/services/cloudfunctions.googleapis.com x-goog-quota-user=projects/playsphere-4618e
[debug] [2025-07-30T16:44:24.771Z] <<< [apiv2][status] GET https://serviceusage.googleapis.com/v1/projects/playsphere-4618e/services/cloudfunctions.googleapis.com 200
[debug] [2025-07-30T16:44:24.771Z] <<< [apiv2][body] GET https://serviceusage.googleapis.com/v1/projects/playsphere-4618e/services/cloudfunctions.googleapis.com [omitted]
[info] Let's create a new codebase for your functions.
[info] A directory corresponding to the codebase will be created in your project
[info] with sample code pre-configured.

[info] See https://firebase.google.com/docs/functions/organize-functions for
[info] more information on organizing your functions using codebases.

[info] Functions can be deployed with firebase deploy.

[debug] [2025-07-30T16:44:54.844Z] ExitPromptError: User force closed the prompt with SIGINT
    at Interface.sigint (C:\Users\ADMIN\.cache\firebase\tools\lib\node_modules\@inquirer\core\dist\commonjs\lib\create-prompt.js:101:37)
    at Interface.emit (node:events:518:28)
    at Interface.emit (node:domain:489:12)
    at [_ttyWrite] [as _ttyWrite] (node:internal/readline/interface:1125:18)
    at ReadStream.onkeypress (node:internal/readline/interface:264:20)
    at ReadStream.emit (node:events:530:35)
    at ReadStream.emit (node:domain:489:12)
    at emitKeys (node:internal/readline/utils:371:14)
    at emitKeys.next (<anonymous>)
    at ReadStream.onData (node:internal/readline/emitKeypressEvents:64:36)
[error] 
[error] Error: An unexpected error has occurred.
